<?xml version="1.0" encoding="UTF-8"?>
<!-- Generated by org.testng.reporters.JUnitXMLReporter -->
<testsuite ignored="0" hostname="DESKTOP-G7T236P" failures="0" tests="3" name="Default test" time="6.858" errors="0" timestamp="2025-01-21T10:59:42 IST">
  <testcase classname="com.test.saucedemotest" name="loginTest" time="0.523"/>
  <testcase classname="com.test.saucedemotest" name="addToCartTest" time="2.144"/>
  <testcase classname="com.test.saucedemotest" name="checkoutTest" time="0.186"/>
</testsuite> <!-- Default test -->
