<?xml version="1.0" encoding="UTF-8"?>
<testng-results ignored="0" total="3" passed="3" failed="0" skipped="0">
  <reporter-output>
  </reporter-output>
  <suite started-at="2025-01-21T10:59:35 IST" name="Default suite" finished-at="2025-01-21T10:59:42 IST" duration-ms="6858">
    <groups>
    </groups>
    <test started-at="2025-01-21T10:59:35 IST" name="Default test" finished-at="2025-01-21T10:59:42 IST" duration-ms="6858">
      <class name="com.test.saucedemotest">
        <test-method is-config="true" signature="setup()[pri:0, instance:com.test.saucedemotest@3febb011]" started-at="2025-01-21T10:59:35 IST" name="setup" finished-at="2025-01-21T10:59:39 IST" duration-ms="3567" status="PASS">
          <reporter-output>
          </reporter-output>
        </test-method> <!-- setup -->
        <test-method signature="loginTest()[pri:1, instance:com.test.saucedemotest@3febb011]" started-at="2025-01-21T10:59:39 IST" name="loginTest" finished-at="2025-01-21T10:59:39 IST" duration-ms="523" status="PASS">
          <reporter-output>
          </reporter-output>
        </test-method> <!-- loginTest -->
        <test-method signature="addToCartTest()[pri:2, instance:com.test.saucedemotest@3febb011]" started-at="2025-01-21T10:59:39 IST" name="addToCartTest" finished-at="2025-01-21T10:59:42 IST" depends-on-methods="com.test.saucedemotest.loginTest" duration-ms="2144" status="PASS">
          <reporter-output>
          </reporter-output>
        </test-method> <!-- addToCartTest -->
        <test-method signature="checkoutTest()[pri:3, instance:com.test.saucedemotest@3febb011]" started-at="2025-01-21T10:59:42 IST" name="checkoutTest" finished-at="2025-01-21T10:59:42 IST" depends-on-methods="com.test.saucedemotest.addToCartTest" duration-ms="186" status="PASS">
          <reporter-output>
          </reporter-output>
        </test-method> <!-- checkoutTest -->
        <test-method is-config="true" signature="teardown()[pri:0, instance:com.test.saucedemotest@3febb011]" started-at="2025-01-21T10:59:42 IST" name="teardown" finished-at="2025-01-21T10:59:42 IST" duration-ms="379" status="PASS">
          <reporter-output>
          </reporter-output>
        </test-method> <!-- teardown -->
      </class> <!-- com.test.saucedemotest -->
    </test> <!-- Default test -->
  </suite> <!-- Default suite -->
</testng-results>
